# configure exec: ./configure --prefix=/srv/changeprop/node_modules/node-rdkafka/build/deps --libdir=/srv/changeprop/node_modules/node-rdkafka/build/deps --prefix=/srv/changeprop/node_modules/node-rdkafka/build/deps --libdir=/srv/changeprop/node_modules/node-rdkafka/build/deps
# On Mon Oct  7 02:21:40 PM UTC 2024
DBG 2580566: Setting distro (distro) status to ok (action ignore)
DBG 2580566: ccenv: WITH_CC:  --version failed: mklove/modules/configure.base: line 1824: --version: command not found
DBG 2580566: Setting ccenv (ccenv) status to failed (action cont)
DBG 2580566: Check ccenv (WITH_CC, action cont (originally cont)) failed: command ' --version' failed:
mklove/modules/configure.base: line 1824: --version: command not found
DBG 2580566: Setting gcc (gcc) status to ok (action cont)
DBG 2580566: cxxenv: WITH_CXX:  --version failed: mklove/modules/configure.base: line 1824: --version: command not found
DBG 2580566: Setting cxxenv (cxxenv) status to failed (action cont)
DBG 2580566: Check cxxenv (WITH_CXX, action cont (originally cont)) failed: command ' --version' failed:
mklove/modules/configure.base: line 1824: --version: command not found
DBG 2580566: Setting gxx (gxx) status to ok (action cont)
DBG 2580566: Setting ld (ld) status to ok (action disable)
DBG 2580566: Setting nm (nm) status to ok (action disable)
DBG 2580566: Setting objdump (objdump) status to ok (action disable)
DBG 2580566: Setting strip (strip) status to ok (action disable)
DBG 2580566: libtool: : libtool is not executable: 
DBG 2580566: Setting libtool (libtool) status to failed (action disable)
DBG 2580566: Check libtool (, action disable (originally disable)) failed: libtool is not executable
DBG 2580566: Setting ranlib (ranlib) status to ok (action disable)
DBG 2580566: pkgconfig: WITH_PKGCONFIG: pkg-config --version failed: mklove/modules/configure.base: line 1824: pkg-config: command not found
DBG 2580566: Setting pkgconfig (pkgconfig) status to failed (action cont)
DBG 2580566: Check pkgconfig (WITH_PKGCONFIG, action cont (originally cont)) failed: command 'pkg-config --version' failed:
mklove/modules/configure.base: line 1824: pkg-config: command not found
DBG 2580566: Setting install (install) status to ok (action cont)
DBG 2580566: Setting gnuar (gnuar) status to ok (action disable)
DBG 2580566: Compile check PIC (HAVE_PIC) (sub=0): gcc  -g -O2 -Wall -Werror _mkltmpzHd7RP.c -o _mkltmpzHd7RP.c.o  -L/srv/changeprop/node_modules/node-rdkafka/build/deps -fPIC 
DBG 2580566: Setting PIC (PIC) status to ok (action disable)
DBG 2580566: Compile check gnulib (WITH_GNULD) (sub=0): gcc  -g -O2 -fPIC -Wall -Werror _mkltmpnf290W.c -o _mkltmpnf290W.c.o  -L/srv/changeprop/node_modules/node-rdkafka/build/deps -shared -Wl,-soname,mkltest.0 
DBG 2580566: Setting gnulib (gnulib) status to ok (action cont)
DBG 2580566: Compile check ldsflagvs () (sub=0): gcc  -g -O2 -fPIC -Wall -Werror _mkltmpMtlnK7.c -o _mkltmpMtlnK7.c.o  -L/srv/changeprop/node_modules/node-rdkafka/build/deps -shared -Wl,--version-script=_mkltmpbd2rfC 
DBG 2580566: Setting ldsflagvs (ldsflagvs) status to ok (action cont)
DBG 2580566: Compile check __atomic_32 (HAVE_ATOMICS_32) (sub=0): gcc  -g -O2 -fPIC -Wall -Werror _mkltmp5491UE.c -o _mkltmp5491UE.c.o  -L/srv/changeprop/node_modules/node-rdkafka/build/deps  
DBG 2580566: Setting __atomic_32 (__atomic_32) status to ok (action cont)
DBG 2580566: Compile check __atomic_64 (HAVE_ATOMICS_64) (sub=0): gcc  -g -O2 -fPIC -Wall -Werror _mkltmpL0U6hB.c -o _mkltmpL0U6hB.c.o  -L/srv/changeprop/node_modules/node-rdkafka/build/deps  
DBG 2580566: Setting __atomic_64 (__atomic_64) status to ok (action cont)
DBG 2580566: Compile check socket () (sub=0): gcc  -g -O2 -fPIC -Wall -Wsign-compare -Wfloat-equal -Wpointer-arith -Wcast-align -Wall -Werror _mkltmpC4uOGo.c -o _mkltmpC4uOGo.c.o  -L/srv/changeprop/node_modules/node-rdkafka/build/deps  
DBG 2580566: Setting socket (socket) status to ok (action cont)
DBG 2580566: Setting parseversion (parseversion) status to ok (action cont)
DBG 2580566: librt: Check for static library (libs -lrt, arfile variable STATIC_LIB_librt=, static filenames )
DBG 2580566: Compile check librt () (sub=0): gcc  -g -O2 -fPIC -Wall -Wsign-compare -Wfloat-equal -Wpointer-arith -Wcast-align -Wall -Werror _mkltmpmvRr2w.c -o _mkltmpmvRr2w.c.o  -L/srv/changeprop/node_modules/node-rdkafka/build/deps -lrt 
DBG 2580566: Setting librt (librt) status to ok (action cont)
DBG 2580566: librt: from lib_check: LIBS: prepend -lrt
DBG 2580566: libpthread: Check for static library (libs -lpthread, arfile variable STATIC_LIB_libpthread=, static filenames )
DBG 2580566: Compile check libpthread () (sub=0): gcc  -g -O2 -fPIC -Wall -Wsign-compare -Wfloat-equal -Wpointer-arith -Wcast-align -Wall -Werror _mkltmpb4gJSX.c -o _mkltmpb4gJSX.c.o  -L/srv/changeprop/node_modules/node-rdkafka/build/deps -lpthread -lrt
DBG 2580566: Setting libpthread (libpthread) status to ok (action fail)
DBG 2580566: libpthread: from lib_check: LIBS: prepend -lpthread
DBG 2580566: c11threads: Check for static library (libs -lpthread -lrt, arfile variable STATIC_LIB_c11threads=, static filenames )
DBG 2580566: Compile check c11threads (WITH_C11THREADS) (sub=0): gcc  -g -O2 -fPIC -Wall -Wsign-compare -Wfloat-equal -Wpointer-arith -Wcast-align -Wall -Werror _mkltmpdrPqZD.c -o _mkltmpdrPqZD.c.o  -L/srv/changeprop/node_modules/node-rdkafka/build/deps -lpthread -lrt -lpthread -lrt
DBG 2580566: Setting c11threads (c11threads) status to ok (action disable)
DBG 2580566: c11threads: from lib_check: LIBS: prepend -lpthread -lrt
DBG 2580566: libdl: Check for static library (libs -ldl, arfile variable STATIC_LIB_libdl=, static filenames )
DBG 2580566: Compile check libdl (WITH_LIBDL) (sub=0): gcc  -g -O2 -fPIC -Wall -Wsign-compare -Wfloat-equal -Wpointer-arith -Wcast-align -Wall -Werror _mkltmp5y1DL5.c -o _mkltmp5y1DL5.c.o  -L/srv/changeprop/node_modules/node-rdkafka/build/deps -ldl -lpthread -lrt -lpthread -lrt
DBG 2580566: Setting libdl (libdl) status to ok (action disable)
DBG 2580566: libdl: from lib_check: LIBS: prepend -ldl
DBG 2580566: zlib: Check for static library (libs -lz, arfile variable STATIC_LIB_zlib=, static filenames libz.a)
DBG 2580566: Compile check zlib (WITH_ZLIB) (sub=0): gcc  -g -O2 -fPIC -Wall -Wsign-compare -Wfloat-equal -Wpointer-arith -Wcast-align -Wall -Werror _mkltmpB2jhXs.c -o _mkltmpB2jhXs.c.o  -L/srv/changeprop/node_modules/node-rdkafka/build/deps -lz -ldl -lpthread -lrt -lpthread -lrt
DBG 2580566: compile check for zlib (WITH_ZLIB) failed: gcc  -g -O2 -fPIC -Wall -Wsign-compare -Wfloat-equal -Wpointer-arith -Wcast-align -Wall -Werror _mkltmpB2jhXs.c -o _mkltmpB2jhXs.c.o  -L/srv/changeprop/node_modules/node-rdkafka/build/deps -lz -ldl -lpthread -lrt -lpthread -lrt: _mkltmpB2jhXs.c:3:10: fatal error: zlib.h: No such file or directory
    3 | #include <zlib.h>
      |          ^~~~~~~~
compilation terminated.
DBG 2580566: Setting zlib (zlib) status to failed (action disable)
DBG 2580566: Check zlib (WITH_ZLIB, action disable (originally disable)) failed: compile check failed:
CC: CC
flags: -lz
gcc  -g -O2 -fPIC -Wall -Wsign-compare -Wfloat-equal -Wpointer-arith -Wcast-align -Wall -Werror _mkltmpB2jhXs.c -o _mkltmpB2jhXs.c.o  -L/srv/changeprop/node_modules/node-rdkafka/build/deps -lz -ldl -lpthread -lrt -lpthread -lrt:
_mkltmpB2jhXs.c:3:10: fatal error: zlib.h: No such file or directory
    3 | #include <zlib.h>
      |          ^~~~~~~~
compilation terminated.
source: 
#include <stddef.h>
#include <zlib.h>

void foo (void) {
     z_stream *p = NULL;
     inflate(p, 0);
}

DBG 2580566: libcrypto: Check for static library (libs -lcrypto, arfile variable STATIC_LIB_libcrypto=, static filenames libcrypto.a)
DBG 2580566: Compile check libcrypto () (sub=0): gcc  -g -O2 -fPIC -Wall -Wsign-compare -Wfloat-equal -Wpointer-arith -Wcast-align -Wall -Werror _mkltmpNi50HY.c -o _mkltmpNi50HY.c.o  -L/srv/changeprop/node_modules/node-rdkafka/build/deps -lcrypto -ldl -lpthread -lrt -lpthread -lrt
DBG 2580566: Setting libcrypto (libcrypto) status to ok (action disable)
DBG 2580566: libcrypto: from lib_check: LIBS: prepend -lcrypto
DBG 2580566: libssl: Check for static library (libs -lssl -lcrypto, arfile variable STATIC_LIB_libssl=, static filenames libssl.a)
DBG 2580566: Compile check libssl (WITH_SSL) (sub=0): gcc  -g -O2 -fPIC -Wall -Wsign-compare -Wfloat-equal -Wpointer-arith -Wcast-align -Wall -Werror _mkltmp0TzY7g.c -o _mkltmp0TzY7g.c.o  -L/srv/changeprop/node_modules/node-rdkafka/build/deps -lssl -lcrypto -lcrypto -ldl -lpthread -lrt -lpthread -lrt
DBG 2580566: Setting libssl (libssl) status to ok (action disable)
DBG 2580566: libssl: from lib_check: LIBS: prepend -lssl -lcrypto
DBG 2580566: Compile check libcrypto () (sub=1): gcc  -g -O2 -fPIC -Wall -Wsign-compare -Wfloat-equal -Wpointer-arith -Wcast-align -Wall -Werror _mkltmpHY2QXo.c -o _mkltmpHY2QXo.c.o  -L/srv/changeprop/node_modules/node-rdkafka/build/deps -lcrypto -lssl -lcrypto -lcrypto -ldl -lpthread -lrt -lpthread -lrt
DBG 2580566: compile check for libcrypto () failed: gcc  -g -O2 -fPIC -Wall -Wsign-compare -Wfloat-equal -Wpointer-arith -Wcast-align -Wall -Werror _mkltmpHY2QXo.c -o _mkltmpHY2QXo.c.o  -L/srv/changeprop/node_modules/node-rdkafka/build/deps -lcrypto -lssl -lcrypto -lcrypto -ldl -lpthread -lrt -lpthread -lrt: _mkltmpHY2QXo.c:4:2: error: #error "OpenSSL version >= v3.0.0 needs OPENSSL_SUPPRESS_DEPRECATED"
    4 | #error "OpenSSL version >= v3.0.0 needs OPENSSL_SUPPRESS_DEPRECATED"
      |  ^~~~~
DBG 2580566: libsasl2: Check for static library (libs -lsasl2, arfile variable STATIC_LIB_libsasl2=, static filenames )
DBG 2580566: Compile check libsasl2 (WITH_SASL_CYRUS) (sub=0): gcc  -g -O2 -fPIC -Wall -Wsign-compare -Wfloat-equal -Wpointer-arith -Wcast-align -Wall -Werror _mkltmpBqqkq7.c -o _mkltmpBqqkq7.c.o  -L/srv/changeprop/node_modules/node-rdkafka/build/deps -lsasl2 -lssl -lcrypto -lcrypto -ldl -lpthread -lrt -lpthread -lrt
DBG 2580566: Setting libsasl2 (libsasl2) status to ok (action disable)
DBG 2580566: libsasl2: from lib_check: LIBS: prepend -lsasl2
DBG 2580566: libzstd: Check for static library (libs -lzstd, arfile variable STATIC_LIB_libzstd=, static filenames libzstd.a)
DBG 2580566: Compile check libzstd (WITH_ZSTD) (sub=0): gcc  -g -O2 -fPIC -Wall -Wsign-compare -Wfloat-equal -Wpointer-arith -Wcast-align -Wall -Werror _mkltmps1BXfN.c -o _mkltmps1BXfN.c.o  -L/srv/changeprop/node_modules/node-rdkafka/build/deps -lzstd -lsasl2 -lssl -lcrypto -lcrypto -ldl -lpthread -lrt -lpthread -lrt
DBG 2580566: compile check for libzstd (WITH_ZSTD) failed: gcc  -g -O2 -fPIC -Wall -Wsign-compare -Wfloat-equal -Wpointer-arith -Wcast-align -Wall -Werror _mkltmps1BXfN.c -o _mkltmps1BXfN.c.o  -L/srv/changeprop/node_modules/node-rdkafka/build/deps -lzstd -lsasl2 -lssl -lcrypto -lcrypto -ldl -lpthread -lrt -lpthread -lrt: _mkltmps1BXfN.c:2:10: fatal error: zstd.h: No such file or directory
    2 | #include <zstd.h>
      |          ^~~~~~~~
compilation terminated.
DBG 2580566: Setting libzstd (libzstd) status to failed (action disable)
DBG 2580566: Check libzstd (WITH_ZSTD, action disable (originally disable)) failed: compile check failed:
CC: CC
flags: -lzstd
gcc  -g -O2 -fPIC -Wall -Wsign-compare -Wfloat-equal -Wpointer-arith -Wcast-align -Wall -Werror _mkltmps1BXfN.c -o _mkltmps1BXfN.c.o  -L/srv/changeprop/node_modules/node-rdkafka/build/deps -lzstd -lsasl2 -lssl -lcrypto -lcrypto -ldl -lpthread -lrt -lpthread -lrt:
_mkltmps1BXfN.c:2:10: fatal error: zstd.h: No such file or directory
    2 | #include <zstd.h>
      |          ^~~~~~~~
compilation terminated.
source: 
#include <zstd.h>
#include <zstd_errors.h>

void foo (void) {
     ZSTD_getFrameContentSize(NULL, 0);
}

DBG 2580566: libcurl: Check for static library (libs -lcurl, arfile variable STATIC_LIB_libcurl=, static filenames libcurl.a)
DBG 2580566: Compile check libcurl (WITH_CURL) (sub=0): gcc  -g -O2 -fPIC -Wall -Wsign-compare -Wfloat-equal -Wpointer-arith -Wcast-align -Wall -Werror _mkltmpPobiiV.c -o _mkltmpPobiiV.c.o  -L/srv/changeprop/node_modules/node-rdkafka/build/deps -lcurl -lsasl2 -lssl -lcrypto -lcrypto -ldl -lpthread -lrt -lpthread -lrt
DBG 2580566: compile check for libcurl (WITH_CURL) failed: gcc  -g -O2 -fPIC -Wall -Wsign-compare -Wfloat-equal -Wpointer-arith -Wcast-align -Wall -Werror _mkltmpPobiiV.c -o _mkltmpPobiiV.c.o  -L/srv/changeprop/node_modules/node-rdkafka/build/deps -lcurl -lsasl2 -lssl -lcrypto -lcrypto -ldl -lpthread -lrt -lpthread -lrt: _mkltmpPobiiV.c:2:10: fatal error: curl/curl.h: No such file or directory
    2 | #include <curl/curl.h>
      |          ^~~~~~~~~~~~~
compilation terminated.
DBG 2580566: Setting libcurl (libcurl) status to failed (action disable)
DBG 2580566: Check libcurl (WITH_CURL, action disable (originally disable)) failed: compile check failed:
CC: CC
flags: -lcurl
gcc  -g -O2 -fPIC -Wall -Wsign-compare -Wfloat-equal -Wpointer-arith -Wcast-align -Wall -Werror _mkltmpPobiiV.c -o _mkltmpPobiiV.c.o  -L/srv/changeprop/node_modules/node-rdkafka/build/deps -lcurl -lsasl2 -lssl -lcrypto -lcrypto -ldl -lpthread -lrt -lpthread -lrt:
_mkltmpPobiiV.c:2:10: fatal error: curl/curl.h: No such file or directory
    2 | #include <curl/curl.h>
      |          ^~~~~~~~~~~~~
compilation terminated.
source: 
#include <curl/curl.h>

void foo (void) {
     curl_global_init(CURL_GLOBAL_DEFAULT);
}

DBG 2580566: libm: Check for static library (libs -lm, arfile variable STATIC_LIB_libm=, static filenames )
DBG 2580566: Compile check libm () (sub=0): gcc  -g -O2 -fPIC -Wall -Wsign-compare -Wfloat-equal -Wpointer-arith -Wcast-align -Wall -Werror _mkltmpXSAQ7j.c -o _mkltmpXSAQ7j.c.o  -L/srv/changeprop/node_modules/node-rdkafka/build/deps -lm -lsasl2 -lssl -lcrypto -lcrypto -ldl -lpthread -lrt -lpthread -lrt
DBG 2580566: Setting libm (libm) status to ok (action disable)
DBG 2580566: libm: from lib_check: LIBS: prepend -lm
DBG 2580566: liblz4: Check for static library (libs -llz4, arfile variable STATIC_LIB_liblz4=, static filenames liblz4.a)
DBG 2580566: Compile check liblz4 (WITH_LZ4_EXT) (sub=0): gcc  -g -O2 -fPIC -Wall -Wsign-compare -Wfloat-equal -Wpointer-arith -Wcast-align -Wall -Werror _mkltmp7xo8Xe.c -o _mkltmp7xo8Xe.c.o  -L/srv/changeprop/node_modules/node-rdkafka/build/deps -llz4 -lm -lsasl2 -lssl -lcrypto -lcrypto -ldl -lpthread -lrt -lpthread -lrt
DBG 2580566: compile check for liblz4 (WITH_LZ4_EXT) failed: gcc  -g -O2 -fPIC -Wall -Wsign-compare -Wfloat-equal -Wpointer-arith -Wcast-align -Wall -Werror _mkltmp7xo8Xe.c -o _mkltmp7xo8Xe.c.o  -L/srv/changeprop/node_modules/node-rdkafka/build/deps -llz4 -lm -lsasl2 -lssl -lcrypto -lcrypto -ldl -lpthread -lrt -lpthread -lrt: _mkltmp7xo8Xe.c:1:10: fatal error: lz4frame.h: No such file or directory
    1 | #include <lz4frame.h>
      |          ^~~~~~~~~~~~
compilation terminated.
DBG 2580566: Setting liblz4 (liblz4) status to failed (action disable)
DBG 2580566: Check liblz4 (WITH_LZ4_EXT, action disable (originally disable)) failed: compile check failed:
CC: CC
flags: -llz4
gcc  -g -O2 -fPIC -Wall -Wsign-compare -Wfloat-equal -Wpointer-arith -Wcast-align -Wall -Werror _mkltmp7xo8Xe.c -o _mkltmp7xo8Xe.c.o  -L/srv/changeprop/node_modules/node-rdkafka/build/deps -llz4 -lm -lsasl2 -lssl -lcrypto -lcrypto -ldl -lpthread -lrt -lpthread -lrt:
_mkltmp7xo8Xe.c:1:10: fatal error: lz4frame.h: No such file or directory
    1 | #include <lz4frame.h>
      |          ^~~~~~~~~~~~
compilation terminated.
source: #include <lz4frame.h>
DBG 2580566: Compile check syslog (WITH_SYSLOG) (sub=0): gcc  -g -O2 -fPIC -Wall -Wsign-compare -Wfloat-equal -Wpointer-arith -Wcast-align -Wall -Werror _mkltmp8xdbWa.c -o _mkltmp8xdbWa.c.o  -L/srv/changeprop/node_modules/node-rdkafka/build/deps  -lm -lsasl2 -lssl -lcrypto -lcrypto -ldl -lpthread -lrt -lpthread -lrt
DBG 2580566: Setting syslog (syslog) status to ok (action disable)
DBG 2580566: Compile check rapidjson (WITH_RAPIDJSON) (sub=0): g++  -g -O2 -fPIC -Wall -Wsign-compare -Wfloat-equal -Wpointer-arith -Wcast-align -Wall -Werror _mkltmpTvrJ4T.cpp -o _mkltmpTvrJ4T.cpp.o  -L/srv/changeprop/node_modules/node-rdkafka/build/deps  -lm -lsasl2 -lssl -lcrypto -lcrypto -ldl -lpthread -lrt -lpthread -lrt
DBG 2580566: compile check for rapidjson (WITH_RAPIDJSON) failed: g++  -g -O2 -fPIC -Wall -Wsign-compare -Wfloat-equal -Wpointer-arith -Wcast-align -Wall -Werror _mkltmpTvrJ4T.cpp -o _mkltmpTvrJ4T.cpp.o  -L/srv/changeprop/node_modules/node-rdkafka/build/deps  -lm -lsasl2 -lssl -lcrypto -lcrypto -ldl -lpthread -lrt -lpthread -lrt: _mkltmpTvrJ4T.cpp:1:10: fatal error: rapidjson/schema.h: No such file or directory
    1 | #include <rapidjson/schema.h>
      |          ^~~~~~~~~~~~~~~~~~~~
compilation terminated.
DBG 2580566: Setting rapidjson (rapidjson) status to failed (action disable)
DBG 2580566: Check rapidjson (WITH_RAPIDJSON, action disable (originally disable)) failed: compile check failed:
CC: CXX
flags: 
g++  -g -O2 -fPIC -Wall -Wsign-compare -Wfloat-equal -Wpointer-arith -Wcast-align -Wall -Werror _mkltmpTvrJ4T.cpp -o _mkltmpTvrJ4T.cpp.o  -L/srv/changeprop/node_modules/node-rdkafka/build/deps  -lm -lsasl2 -lssl -lcrypto -lcrypto -ldl -lpthread -lrt -lpthread -lrt:
_mkltmpTvrJ4T.cpp:1:10: fatal error: rapidjson/schema.h: No such file or directory
    1 | #include <rapidjson/schema.h>
      |          ^~~~~~~~~~~~~~~~~~~~
compilation terminated.
source: #include <rapidjson/schema.h>
DBG 2580566: Compile check crc32chw (WITH_CRC32C_HW) (sub=0): gcc  -g -O2 -fPIC -Wall -Wsign-compare -Wfloat-equal -Wpointer-arith -Wcast-align -Wall -Werror _mkltmpQnlFUL.c -o _mkltmpQnlFUL.c.o  -L/srv/changeprop/node_modules/node-rdkafka/build/deps  -lm -lsasl2 -lssl -lcrypto -lcrypto -ldl -lpthread -lrt -lpthread -lrt
DBG 2580566: Setting crc32chw (crc32chw) status to ok (action disable)
DBG 2580566: Compile check regex (HAVE_REGEX) (sub=0): gcc  -g -O2 -fPIC -Wall -Wsign-compare -Wfloat-equal -Wpointer-arith -Wcast-align -Wall -Werror _mkltmpUMoPCv.c -o _mkltmpUMoPCv.c.o  -L/srv/changeprop/node_modules/node-rdkafka/build/deps  -lm -lsasl2 -lssl -lcrypto -lcrypto -ldl -lpthread -lrt -lpthread -lrt
DBG 2580566: Setting regex (regex) status to ok (action disable)
DBG 2580566: Compile check rand_r (HAVE_RAND_R) (sub=0): gcc  -g -O2 -fPIC -Wall -Wsign-compare -Wfloat-equal -Wpointer-arith -Wcast-align -Wall -Werror _mkltmpqv8ttA.c -o _mkltmpqv8ttA.c.o  -L/srv/changeprop/node_modules/node-rdkafka/build/deps  -lm -lsasl2 -lssl -lcrypto -lcrypto -ldl -lpthread -lrt -lpthread -lrt
DBG 2580566: Setting rand_r (rand_r) status to ok (action disable)
DBG 2580566: Compile check strndup (HAVE_STRNDUP) (sub=0): gcc  -g -O2 -fPIC -Wall -Wsign-compare -Wfloat-equal -Wpointer-arith -Wcast-align -Wall -Werror _mkltmpqD60Gp.c -o _mkltmpqD60Gp.c.o  -L/srv/changeprop/node_modules/node-rdkafka/build/deps  -lm -lsasl2 -lssl -lcrypto -lcrypto -ldl -lpthread -lrt -lpthread -lrt
DBG 2580566: Setting strndup (strndup) status to ok (action disable)
DBG 2580566: Compile check strlcpy (HAVE_STRLCPY) (sub=0): gcc  -g -O2 -fPIC -Wall -Wsign-compare -Wfloat-equal -Wpointer-arith -Wcast-align -Wall -Werror _mkltmpsBcSpi.c -o _mkltmpsBcSpi.c.o  -L/srv/changeprop/node_modules/node-rdkafka/build/deps  -lm -lsasl2 -lssl -lcrypto -lcrypto -ldl -lpthread -lrt -lpthread -lrt
DBG 2580566: compile check for strlcpy (HAVE_STRLCPY) failed: gcc  -g -O2 -fPIC -Wall -Wsign-compare -Wfloat-equal -Wpointer-arith -Wcast-align -Wall -Werror _mkltmpsBcSpi.c -o _mkltmpsBcSpi.c.o  -L/srv/changeprop/node_modules/node-rdkafka/build/deps  -lm -lsasl2 -lssl -lcrypto -lcrypto -ldl -lpthread -lrt -lpthread -lrt: _mkltmpsBcSpi.c: In function ‘foo’:
_mkltmpsBcSpi.c:6:11: error: implicit declaration of function ‘strlcpy’; did you mean ‘strncpy’? [-Werror=implicit-function-declaration]
    6 |    return strlcpy(dest, "something", sizeof(dest));
      |           ^~~~~~~
      |           strncpy
cc1: all warnings being treated as errors
DBG 2580566: Setting strlcpy (strlcpy) status to failed (action disable)
DBG 2580566: Check strlcpy (HAVE_STRLCPY, action disable (originally disable)) failed: compile check failed:
CC: CC
flags: 
gcc  -g -O2 -fPIC -Wall -Wsign-compare -Wfloat-equal -Wpointer-arith -Wcast-align -Wall -Werror _mkltmpsBcSpi.c -o _mkltmpsBcSpi.c.o  -L/srv/changeprop/node_modules/node-rdkafka/build/deps  -lm -lsasl2 -lssl -lcrypto -lcrypto -ldl -lpthread -lrt -lpthread -lrt:
_mkltmpsBcSpi.c: In function ‘foo’:
_mkltmpsBcSpi.c:6:11: error: implicit declaration of function ‘strlcpy’; did you mean ‘strncpy’? [-Werror=implicit-function-declaration]
    6 |    return strlcpy(dest, "something", sizeof(dest));
      |           ^~~~~~~
      |           strncpy
cc1: all warnings being treated as errors
source: 
#define _DARWIN_C_SOURCE
#include <string.h>
int foo (void) {
    char dest[4];
   return strlcpy(dest, "something", sizeof(dest));
}
DBG 2580566: Compile check strerror_r (HAVE_STRERROR_R) (sub=0): gcc  -g -O2 -fPIC -Wall -Wsign-compare -Wfloat-equal -Wpointer-arith -Wcast-align -Wall -Werror _mkltmpSZHnMd.c -o _mkltmpSZHnMd.c.o  -L/srv/changeprop/node_modules/node-rdkafka/build/deps  -lm -lsasl2 -lssl -lcrypto -lcrypto -ldl -lpthread -lrt -lpthread -lrt
DBG 2580566: Setting strerror_r (strerror_r) status to ok (action disable)
DBG 2580566: Compile check strcasestr (HAVE_STRCASESTR) (sub=0): gcc  -g -O2 -fPIC -Wall -Wsign-compare -Wfloat-equal -Wpointer-arith -Wcast-align -Wall -Werror _mkltmpRLZp5y.c -o _mkltmpRLZp5y.c.o  -L/srv/changeprop/node_modules/node-rdkafka/build/deps  -lm -lsasl2 -lssl -lcrypto -lcrypto -ldl -lpthread -lrt -lpthread -lrt
DBG 2580566: Setting strcasestr (strcasestr) status to ok (action disable)
DBG 2580566: Compile check pthread_setname_gnu (HAVE_PTHREAD_SETNAME_GNU) (sub=0): gcc  -g -O2 -fPIC -Wall -Wsign-compare -Wfloat-equal -Wpointer-arith -Wcast-align -Wall -Werror _mkltmpBuVXI5.c -o _mkltmpBuVXI5.c.o  -L/srv/changeprop/node_modules/node-rdkafka/build/deps -D_GNU_SOURCE -lpthread -lm -lsasl2 -lssl -lcrypto -lcrypto -ldl -lpthread -lrt -lpthread -lrt
DBG 2580566: Setting pthread_setname_gnu (pthread_setname_gnu) status to ok (action disable)
DBG 2580566: Setting nm (nm) status to ok (action cont)
DBG 2580566: Setting python3 (python3) status to ok (action disable)
DBG 2580566: Compile check getrusage (HAVE_GETRUSAGE) (sub=0): gcc  -g -O2 -fPIC -Wall -Wsign-compare -Wfloat-equal -Wpointer-arith -Wcast-align -Wall -Werror _mkltmpH68Yub.c -o _mkltmpH68Yub.c.o  -L/srv/changeprop/node_modules/node-rdkafka/build/deps  -lm -lsasl2 -lssl -lcrypto -lcrypto -ldl -lpthread -lrt -lpthread -lrt
DBG 2580566: Setting getrusage (getrusage) status to ok (action disable)
